This is pdfTeX, Version 3.141592653-2.6-1.40.28 (MiKTeX 25.12) (preloaded format=pdflatex 2026.1.21)  24 JAN 2026 10:16
entering extended mode
 restricted \write18 enabled.
 file:line:error style messages enabled.
 %&-line parsing enabled.
**e:/WorkingProjects/IHORMS-X/G_v/Reports/report.tex
(e:/WorkingProjects/IHORMS-X/G_v/Reports/report.tex
LaTeX2e <2025-11-01>
L3 programming layer <2025-12-24>
(C:\Users\chira\AppData\Local\Programs\MiKTeX\tex/latex/base\report.cls
Document Class: report 2025/01/22 v1.4n Standard LaTeX document class
(C:\Users\chira\AppData\Local\Programs\MiKTeX\tex/latex/base\size12.clo
File: size12.clo 2025/01/22 v1.4n Standard LaTeX file (size option)
)
\c@part=\count275
\c@chapter=\count276
\c@section=\count277
\c@subsection=\count278
\c@subsubsection=\count279
\c@paragraph=\count280
\c@subparagraph=\count281
\c@figure=\count282
\c@table=\count283
\abovecaptionskip=\skip49
\belowcaptionskip=\skip50
\bibindent=\dimen148
) (C:\Users\chira\AppData\Local\Programs\MiKTeX\tex/latex/geometry\geometry.sty
Package: geometry 2020/01/02 v5.9 Page Geometry
 (C:\Users\chira\AppData\Local\Programs\MiKTeX\tex/latex/graphics\keyval.sty
Package: keyval 2022/05/29 v1.15 key=value parser (DPC)
\KV@toks@=\toks17
) (C:\Users\chira\AppData\Local\Programs\MiKTeX\tex/generic/iftex\ifvtex.sty
Package: ifvtex 2019/10/25 v1.7 ifvtex legacy package. Use iftex instead.
 (C:\Users\chira\AppData\Local\Programs\MiKTeX\tex/generic/iftex\iftex.sty
Package: iftex 2024/12/12 v1.0g TeX engine tests
))
\Gm@cnth=\count284
\Gm@cntv=\count285
\c@Gm@tempcnt=\count286
\Gm@bindingoffset=\dimen149
\Gm@wd@mp=\dimen150
\Gm@odd@mp=\dimen151
\Gm@even@mp=\dimen152
\Gm@layoutwidth=\dimen153
\Gm@layoutheight=\dimen154
\Gm@layouthoffset=\dimen155
\Gm@layoutvoffset=\dimen156
\Gm@dimlist=\toks18
 (C:\Users\chira\AppData\Local\Programs\MiKTeX\tex/latex/geometry\geometry.cfg)) (C:\Users\chira\AppData\Local\Programs\MiKTeX\tex/latex/base\fontenc.sty
Package: fontenc 2025/07/18 v2.1d Standard LaTeX package
) (C:\Users\chira\AppData\Local\Programs\MiKTeX\tex/latex/base\inputenc.sty
Package: inputenc 2024/02/08 v1.3d Input encoding file
\inpenc@prehook=\toks19
\inpenc@posthook=\toks20
) (C:\Users\chira\AppData\Local\Programs\MiKTeX\tex/latex/psnfss\times.sty
Package: times 2020/03/25 PSNFSS-v9.3 (SPQR) 
) (C:\Users\chira\AppData\Local\Programs\MiKTeX\tex/latex/graphics\graphicx.sty
Package: graphicx 2024/12/31 v1.2e Enhanced LaTeX Graphics (DPC,SPQR)
 (C:\Users\chira\AppData\Local\Programs\MiKTeX\tex/latex/graphics\graphics.sty
Package: graphics 2024/08/06 v1.4g Standard LaTeX Graphics (DPC,SPQR)
 (C:\Users\chira\AppData\Local\Programs\MiKTeX\tex/latex/graphics\trig.sty
Package: trig 2023/12/02 v1.11 sin cos tan (DPC)
) (C:\Users\chira\AppData\Local\Programs\MiKTeX\tex/latex/graphics-cfg\graphics.cfg
File: graphics.cfg 2016/06/04 v1.11 sample graphics configuration
)
Package graphics Info: Driver file: pdftex.def on input line 106.
 (C:\Users\chira\AppData\Local\Programs\MiKTeX\tex/latex/graphics-def\pdftex.def
File: pdftex.def 2025/09/29 v1.2d Graphics/color driver for pdftex
))
\Gin@req@height=\dimen157
\Gin@req@width=\dimen158
) (C:\Users\chira\AppData\Local\Programs\MiKTeX\tex/latex/eso-pic\eso-pic.sty
Package: eso-pic 2025/12/10 v3.0d eso-pic (RN)
\ESO@tempdima=\dimen159
\ESO@tempdimb=\dimen160
 (C:\Users\chira\AppData\Local\Programs\MiKTeX\tex/latex/xcolor\xcolor.sty
Package: xcolor 2024/09/29 v3.02 LaTeX color extensions (UK)
 (C:\Users\chira\AppData\Local\Programs\MiKTeX\tex/latex/graphics-cfg\color.cfg
File: color.cfg 2016/01/02 v1.6 sample color configuration
)
Package xcolor Info: Driver file: pdftex.def on input line 274.
 (C:\Users\chira\AppData\Local\Programs\MiKTeX\tex/latex/graphics\mathcolor.ltx)
Package xcolor Info: Model `cmy' substituted by `cmy0' on input line 1349.
Package xcolor Info: Model `hsb' substituted by `rgb' on input line 1353.
Package xcolor Info: Model `RGB' extended on input line 1365.
Package xcolor Info: Model `HTML' substituted by `rgb' on input line 1367.
Package xcolor Info: Model `Hsb' substituted by `hsb' on input line 1368.
Package xcolor Info: Model `tHsb' substituted by `hsb' on input line 1369.
Package xcolor Info: Model `HSB' substituted by `hsb' on input line 1370.
Package xcolor Info: Model `Gray' substituted by `gray' on input line 1371.
Package xcolor Info: Model `wave' substituted by `hsb' on input line 1372.
)) (C:\Users\chira\AppData\Local\Programs\MiKTeX\tex/latex/booktabs\booktabs.sty
Package: booktabs 2020/01/12 v1.61803398 Publication quality tables
\heavyrulewidth=\dimen161
\lightrulewidth=\dimen162
\cmidrulewidth=\dimen163
\belowrulesep=\dimen164
\belowbottomsep=\dimen165
\aboverulesep=\dimen166
\abovetopsep=\dimen167
\cmidrulesep=\dimen168
\cmidrulekern=\dimen169
\defaultaddspace=\dimen170
\@cmidla=\count287
\@cmidlb=\count288
\@aboverulesep=\dimen171
\@belowrulesep=\dimen172
\@thisruleclass=\count289
\@lastruleclass=\count290
\@thisrulewidth=\dimen173
) (C:\Users\chira\AppData\Local\Programs\MiKTeX\tex/latex/setspace\setspace.sty
Package: setspace 2022/12/04 v6.7b set line spacing
) (C:\Users\chira\AppData\Local\Programs\MiKTeX\tex/latex/titlesec\titlesec.sty
Package: titlesec 2025/01/04 v2.17 Sectioning titles
\ttl@box=\box53
\beforetitleunit=\skip51
\aftertitleunit=\skip52
\ttl@plus=\dimen174
\ttl@minus=\dimen175
\ttl@toksa=\toks21
\titlewidth=\dimen176
\titlewidthlast=\dimen177
\titlewidthfirst=\dimen178
) (C:\Users\chira\AppData\Local\Programs\MiKTeX\tex/latex/tocloft\tocloft.sty
Package: tocloft 2017/08/31 v2.3i parameterised ToC, etc., typesetting
Package tocloft Info: The document has chapter divisions on input line 51.
\cftparskip=\skip53
\cftbeforetoctitleskip=\skip54
\cftaftertoctitleskip=\skip55
\cftbeforepartskip=\skip56
\cftpartnumwidth=\skip57
\cftpartindent=\skip58
\cftbeforechapskip=\skip59
\cftchapindent=\skip60
\cftchapnumwidth=\skip61
\cftbeforesecskip=\skip62
\cftsecindent=\skip63
\cftsecnumwidth=\skip64
\cftbeforesubsecskip=\skip65
\cftsubsecindent=\skip66
\cftsubsecnumwidth=\skip67
\cftbeforesubsubsecskip=\skip68
\cftsubsubsecindent=\skip69
\cftsubsubsecnumwidth=\skip70
\cftbeforeparaskip=\skip71
\cftparaindent=\skip72
\cftparanumwidth=\skip73
\cftbeforesubparaskip=\skip74
\cftsubparaindent=\skip75
\cftsubparanumwidth=\skip76
\cftbeforeloftitleskip=\skip77
\cftafterloftitleskip=\skip78
\cftbeforefigskip=\skip79
\cftfigindent=\skip80
\cftfignumwidth=\skip81
\c@lofdepth=\count291
\c@lotdepth=\count292
\cftbeforelottitleskip=\skip82
\cftafterlottitleskip=\skip83
\cftbeforetabskip=\skip84
\cfttabindent=\skip85
\cfttabnumwidth=\skip86
) (C:\Users\chira\AppData\Local\Programs\MiKTeX\tex/latex/pgf/frontendlayer\tikz.sty (C:\Users\chira\AppData\Local\Programs\MiKTeX\tex/latex/pgf/basiclayer\pgf.sty (C:\Users\chira\AppData\Local\Programs\MiKTeX\tex/latex/pgf/utilities\pgfrcs.sty (C:\Users\chira\AppData\Local\Programs\MiKTeX\tex/generic/pgf/utilities\pgfutil-common.tex
\pgfutil@everybye=\toks22
\pgfutil@tempdima=\dimen179
\pgfutil@tempdimb=\dimen180
) (C:\Users\chira\AppData\Local\Programs\MiKTeX\tex/generic/pgf/utilities\pgfutil-latex.def
\pgfutil@abb=\box54
) (C:\Users\chira\AppData\Local\Programs\MiKTeX\tex/generic/pgf/utilities\pgfrcs.code.tex (C:\Users\chira\AppData\Local\Programs\MiKTeX\tex/generic/pgf\pgf.revision.tex)
Package: pgfrcs 2025-08-29 v3.1.11a (3.1.11a)
))
Package: pgf 2025-08-29 v3.1.11a (3.1.11a)
 (C:\Users\chira\AppData\Local\Programs\MiKTeX\tex/latex/pgf/basiclayer\pgfcore.sty (C:\Users\chira\AppData\Local\Programs\MiKTeX\tex/latex/pgf/systemlayer\pgfsys.sty (C:\Users\chira\AppData\Local\Programs\MiKTeX\tex/generic/pgf/systemlayer\pgfsys.code.tex
Package: pgfsys 2025-08-29 v3.1.11a (3.1.11a)
 (C:\Users\chira\AppData\Local\Programs\MiKTeX\tex/generic/pgf/utilities\pgfkeys.code.tex
\pgfkeys@pathtoks=\toks23
\pgfkeys@temptoks=\toks24
 (C:\Users\chira\AppData\Local\Programs\MiKTeX\tex/generic/pgf/utilities\pgfkeyslibraryfiltered.code.tex
\pgfkeys@tmptoks=\toks25
))
\pgf@x=\dimen181
\pgf@y=\dimen182
\pgf@xa=\dimen183
\pgf@ya=\dimen184
\pgf@xb=\dimen185
\pgf@yb=\dimen186
\pgf@xc=\dimen187
\pgf@yc=\dimen188
\pgf@xd=\dimen189
\pgf@yd=\dimen190
\w@pgf@writea=\write3
\r@pgf@reada=\read2
\c@pgf@counta=\count293
\c@pgf@countb=\count294
\c@pgf@countc=\count295
\c@pgf@countd=\count296
\t@pgf@toka=\toks26
\t@pgf@tokb=\toks27
\t@pgf@tokc=\toks28
\pgf@sys@id@count=\count297
 (C:\Users\chira\AppData\Local\Programs\MiKTeX\tex/generic/pgf/systemlayer\pgf.cfg
File: pgf.cfg 2025-08-29 v3.1.11a (3.1.11a)
)
Driver file for pgf: pgfsys-pdftex.def
 (C:\Users\chira\AppData\Local\Programs\MiKTeX\tex/generic/pgf/systemlayer\pgfsys-pdftex.def
File: pgfsys-pdftex.def 2025-08-29 v3.1.11a (3.1.11a)
 (C:\Users\chira\AppData\Local\Programs\MiKTeX\tex/generic/pgf/systemlayer\pgfsys-common-pdf.def
File: pgfsys-common-pdf.def 2025-08-29 v3.1.11a (3.1.11a)
))) (C:\Users\chira\AppData\Local\Programs\MiKTeX\tex/generic/pgf/systemlayer\pgfsyssoftpath.code.tex
File: pgfsyssoftpath.code.tex 2025-08-29 v3.1.11a (3.1.11a)
\pgfsyssoftpath@smallbuffer@items=\count298
\pgfsyssoftpath@bigbuffer@items=\count299
) (C:\Users\chira\AppData\Local\Programs\MiKTeX\tex/generic/pgf/systemlayer\pgfsysprotocol.code.tex
File: pgfsysprotocol.code.tex 2025-08-29 v3.1.11a (3.1.11a)
)) (C:\Users\chira\AppData\Local\Programs\MiKTeX\tex/generic/pgf/basiclayer\pgfcore.code.tex
Package: pgfcore 2025-08-29 v3.1.11a (3.1.11a)
 (C:\Users\chira\AppData\Local\Programs\MiKTeX\tex/generic/pgf/math\pgfmath.code.tex (C:\Users\chira\AppData\Local\Programs\MiKTeX\tex/generic/pgf/math\pgfmathutil.code.tex) (C:\Users\chira\AppData\Local\Programs\MiKTeX\tex/generic/pgf/math\pgfmathparser.code.tex
\pgfmath@dimen=\dimen191
\pgfmath@count=\count300
\pgfmath@box=\box55
\pgfmath@toks=\toks29
\pgfmath@stack@operand=\toks30
\pgfmath@stack@operation=\toks31
) (C:\Users\chira\AppData\Local\Programs\MiKTeX\tex/generic/pgf/math\pgfmathfunctions.code.tex) (C:\Users\chira\AppData\Local\Programs\MiKTeX\tex/generic/pgf/math\pgfmathfunctions.basic.code.tex) (C:\Users\chira\AppData\Local\Programs\MiKTeX\tex/generic/pgf/math\pgfmathfunctions.trigonometric.code.tex) (C:\Users\chira\AppData\Local\Programs\MiKTeX\tex/generic/pgf/math\pgfmathfunctions.random.code.tex) (C:\Users\chira\AppData\Local\Programs\MiKTeX\tex/generic/pgf/math\pgfmathfunctions.comparison.code.tex) (C:\Users\chira\AppData\Local\Programs\MiKTeX\tex/generic/pgf/math\pgfmathfunctions.base.code.tex) (C:\Users\chira\AppData\Local\Programs\MiKTeX\tex/generic/pgf/math\pgfmathfunctions.round.code.tex) (C:\Users\chira\AppData\Local\Programs\MiKTeX\tex/generic/pgf/math\pgfmathfunctions.misc.code.tex) (C:\Users\chira\AppData\Local\Programs\MiKTeX\tex/generic/pgf/math\pgfmathfunctions.integerarithmetics.code.tex) (C:\Users\chira\AppData\Local\Programs\MiKTeX\tex/generic/pgf/math\pgfmathcalc.code.tex) (C:\Users\chira\AppData\Local\Programs\MiKTeX\tex/generic/pgf/math\pgfmathfloat.code.tex
\c@pgfmathroundto@lastzeros=\count301
)) (C:\Users\chira\AppData\Local\Programs\MiKTeX\tex/generic/pgf/math\pgfint.code.tex) (C:\Users\chira\AppData\Local\Programs\MiKTeX\tex/generic/pgf/basiclayer\pgfcorepoints.code.tex
File: pgfcorepoints.code.tex 2025-08-29 v3.1.11a (3.1.11a)
\pgf@picminx=\dimen192
\pgf@picmaxx=\dimen193
\pgf@picminy=\dimen194
\pgf@picmaxy=\dimen195
\pgf@pathminx=\dimen196
\pgf@pathmaxx=\dimen197
\pgf@pathminy=\dimen198
\pgf@pathmaxy=\dimen199
\pgf@xx=\dimen256
\pgf@xy=\dimen257
\pgf@yx=\dimen258
\pgf@yy=\dimen259
\pgf@zx=\dimen260
\pgf@zy=\dimen261
) (C:\Users\chira\AppData\Local\Programs\MiKTeX\tex/generic/pgf/basiclayer\pgfcorepathconstruct.code.tex
File: pgfcorepathconstruct.code.tex 2025-08-29 v3.1.11a (3.1.11a)
\pgf@path@lastx=\dimen262
\pgf@path@lasty=\dimen263
) (C:\Users\chira\AppData\Local\Programs\MiKTeX\tex/generic/pgf/basiclayer\pgfcorepathusage.code.tex
File: pgfcorepathusage.code.tex 2025-08-29 v3.1.11a (3.1.11a)
\pgf@shorten@end@additional=\dimen264
\pgf@shorten@start@additional=\dimen265
) (C:\Users\chira\AppData\Local\Programs\MiKTeX\tex/generic/pgf/basiclayer\pgfcorescopes.code.tex
File: pgfcorescopes.code.tex 2025-08-29 v3.1.11a (3.1.11a)
\pgfpic=\box56
\pgf@hbox=\box57
\pgf@layerbox@main=\box58
\pgf@picture@serial@count=\count302
) (C:\Users\chira\AppData\Local\Programs\MiKTeX\tex/generic/pgf/basiclayer\pgfcoregraphicstate.code.tex
File: pgfcoregraphicstate.code.tex 2025-08-29 v3.1.11a (3.1.11a)
\pgflinewidth=\dimen266
) (C:\Users\chira\AppData\Local\Programs\MiKTeX\tex/generic/pgf/basiclayer\pgfcoretransformations.code.tex
File: pgfcoretransformations.code.tex 2025-08-29 v3.1.11a (3.1.11a)
\pgf@pt@x=\dimen267
\pgf@pt@y=\dimen268
\pgf@pt@temp=\dimen269
) (C:\Users\chira\AppData\Local\Programs\MiKTeX\tex/generic/pgf/basiclayer\pgfcorequick.code.tex
File: pgfcorequick.code.tex 2025-08-29 v3.1.11a (3.1.11a)
) (C:\Users\chira\AppData\Local\Programs\MiKTeX\tex/generic/pgf/basiclayer\pgfcoreobjects.code.tex
File: pgfcoreobjects.code.tex 2025-08-29 v3.1.11a (3.1.11a)
) (C:\Users\chira\AppData\Local\Programs\MiKTeX\tex/generic/pgf/basiclayer\pgfcorepathprocessing.code.tex
File: pgfcorepathprocessing.code.tex 2025-08-29 v3.1.11a (3.1.11a)
) (C:\Users\chira\AppData\Local\Programs\MiKTeX\tex/generic/pgf/basiclayer\pgfcorearrows.code.tex
File: pgfcorearrows.code.tex 2025-08-29 v3.1.11a (3.1.11a)
\pgfarrowsep=\dimen270
) (C:\Users\chira\AppData\Local\Programs\MiKTeX\tex/generic/pgf/basiclayer\pgfcoreshade.code.tex
File: pgfcoreshade.code.tex 2025-08-29 v3.1.11a (3.1.11a)
\pgf@max=\dimen271
\pgf@sys@shading@range@num=\count303
\pgf@shadingcount=\count304
) (C:\Users\chira\AppData\Local\Programs\MiKTeX\tex/generic/pgf/basiclayer\pgfcoreimage.code.tex
File: pgfcoreimage.code.tex 2025-08-29 v3.1.11a (3.1.11a)
) (C:\Users\chira\AppData\Local\Programs\MiKTeX\tex/generic/pgf/basiclayer\pgfcoreexternal.code.tex
File: pgfcoreexternal.code.tex 2025-08-29 v3.1.11a (3.1.11a)
\pgfexternal@startupbox=\box59
) (C:\Users\chira\AppData\Local\Programs\MiKTeX\tex/generic/pgf/basiclayer\pgfcorelayers.code.tex
File: pgfcorelayers.code.tex 2025-08-29 v3.1.11a (3.1.11a)
) (C:\Users\chira\AppData\Local\Programs\MiKTeX\tex/generic/pgf/basiclayer\pgfcoretransparency.code.tex
File: pgfcoretransparency.code.tex 2025-08-29 v3.1.11a (3.1.11a)
) (C:\Users\chira\AppData\Local\Programs\MiKTeX\tex/generic/pgf/basiclayer\pgfcorepatterns.code.tex
File: pgfcorepatterns.code.tex 2025-08-29 v3.1.11a (3.1.11a)
) (C:\Users\chira\AppData\Local\Programs\MiKTeX\tex/generic/pgf/basiclayer\pgfcorerdf.code.tex
File: pgfcorerdf.code.tex 2025-08-29 v3.1.11a (3.1.11a)
))) (C:\Users\chira\AppData\Local\Programs\MiKTeX\tex/generic/pgf/modules\pgfmoduleshapes.code.tex
File: pgfmoduleshapes.code.tex 2025-08-29 v3.1.11a (3.1.11a)
\pgfnodeparttextbox=\box60
) (C:\Users\chira\AppData\Local\Programs\MiKTeX\tex/generic/pgf/modules\pgfmoduleplot.code.tex
File: pgfmoduleplot.code.tex 2025-08-29 v3.1.11a (3.1.11a)
) (C:\Users\chira\AppData\Local\Programs\MiKTeX\tex/latex/pgf/compatibility\pgfcomp-version-0-65.sty
Package: pgfcomp-version-0-65 2025-08-29 v3.1.11a (3.1.11a)
\pgf@nodesepstart=\dimen272
\pgf@nodesepend=\dimen273
) (C:\Users\chira\AppData\Local\Programs\MiKTeX\tex/latex/pgf/compatibility\pgfcomp-version-1-18.sty
Package: pgfcomp-version-1-18 2025-08-29 v3.1.11a (3.1.11a)
)) (C:\Users\chira\AppData\Local\Programs\MiKTeX\tex/latex/pgf/utilities\pgffor.sty (C:\Users\chira\AppData\Local\Programs\MiKTeX\tex/latex/pgf/utilities\pgfkeys.sty (C:\Users\chira\AppData\Local\Programs\MiKTeX\tex/generic/pgf/utilities\pgfkeys.code.tex)) (C:\Users\chira\AppData\Local\Programs\MiKTeX\tex/latex/pgf/math\pgfmath.sty (C:\Users\chira\AppData\Local\Programs\MiKTeX\tex/generic/pgf/math\pgfmath.code.tex)) (C:\Users\chira\AppData\Local\Programs\MiKTeX\tex/generic/pgf/utilities\pgffor.code.tex
Package: pgffor 2025-08-29 v3.1.11a (3.1.11a)
\pgffor@iter=\dimen274
\pgffor@skip=\dimen275
\pgffor@stack=\toks32
\pgffor@toks=\toks33
)) (C:\Users\chira\AppData\Local\Programs\MiKTeX\tex/generic/pgf/frontendlayer/tikz\tikz.code.tex
Package: tikz 2025-08-29 v3.1.11a (3.1.11a)
 (C:\Users\chira\AppData\Local\Programs\MiKTeX\tex/generic/pgf/libraries\pgflibraryplothandlers.code.tex
File: pgflibraryplothandlers.code.tex 2025-08-29 v3.1.11a (3.1.11a)
\pgf@plot@mark@count=\count305
\pgfplotmarksize=\dimen276
)
\tikz@lastx=\dimen277
\tikz@lasty=\dimen278
\tikz@lastxsaved=\dimen279
\tikz@lastysaved=\dimen280
\tikz@lastmovetox=\dimen281
\tikz@lastmovetoy=\dimen282
\tikzleveldistance=\dimen283
\tikzsiblingdistance=\dimen284
\tikz@figbox=\box61
\tikz@figbox@bg=\box62
\tikz@tempbox=\box63
\tikz@tempbox@bg=\box64
\tikztreelevel=\count306
\tikznumberofchildren=\count307
\tikznumberofcurrentchild=\count308
\tikz@fig@count=\count309
 (C:\Users\chira\AppData\Local\Programs\MiKTeX\tex/generic/pgf/modules\pgfmodulematrix.code.tex
File: pgfmodulematrix.code.tex 2025-08-29 v3.1.11a (3.1.11a)
\pgfmatrixcurrentrow=\count310
\pgfmatrixcurrentcolumn=\count311
\pgf@matrix@numberofcolumns=\count312
)
\tikz@expandcount=\count313
 (C:\Users\chira\AppData\Local\Programs\MiKTeX\tex/generic/pgf/frontendlayer/tikz/libraries\tikzlibrarytopaths.code.tex
File: tikzlibrarytopaths.code.tex 2025-08-29 v3.1.11a (3.1.11a)
))) (C:\Users\chira\AppData\Local\Programs\MiKTeX\tex/generic/pgf/frontendlayer/tikz/libraries\tikzlibraryshadows.code.tex
File: tikzlibraryshadows.code.tex 2025-08-29 v3.1.11a (3.1.11a)
 (C:\Users\chira\AppData\Local\Programs\MiKTeX\tex/generic/pgf/frontendlayer/tikz/libraries\tikzlibraryfadings.code.tex
File: tikzlibraryfadings.code.tex 2025-08-29 v3.1.11a (3.1.11a)
 (C:\Users\chira\AppData\Local\Programs\MiKTeX\tex/generic/pgf/libraries\pgflibraryfadings.code.tex
File: pgflibraryfadings.code.tex 2025-08-29 v3.1.11a (3.1.11a)
))) (C:\Users\chira\AppData\Local\Programs\MiKTeX\tex/generic/pgf/frontendlayer/tikz/libraries\tikzlibraryshapes.geometric.code.tex
File: tikzlibraryshapes.geometric.code.tex 2025-08-29 v3.1.11a (3.1.11a)
 (C:\Users\chira\AppData\Local\Programs\MiKTeX\tex/generic/pgf/libraries/shapes\pgflibraryshapes.geometric.code.tex
File: pgflibraryshapes.geometric.code.tex 2025-08-29 v3.1.11a (3.1.11a)
)) (C:\Users\chira\AppData\Local\Programs\MiKTeX\tex/generic/pgf/frontendlayer/tikz/libraries\tikzlibraryarrows.code.tex
File: tikzlibraryarrows.code.tex 2025-08-29 v3.1.11a (3.1.11a)
 (C:\Users\chira\AppData\Local\Programs\MiKTeX\tex/generic/pgf/libraries\pgflibraryarrows.code.tex
File: pgflibraryarrows.code.tex 2025-08-29 v3.1.11a (3.1.11a)
\arrowsize=\dimen285
)) (C:\Users\chira\AppData\Local\Programs\MiKTeX\tex/generic/pgf/frontendlayer/tikz/libraries\tikzlibrarypositioning.code.tex
File: tikzlibrarypositioning.code.tex 2025-08-29 v3.1.11a (3.1.11a)
) (C:\Users\chira\AppData\Local\Programs\MiKTeX\tex/latex/float\float.sty
Package: float 2001/11/08 v1.3d Float enhancements (AL)
\c@float@type=\count314
\float@exts=\toks34
\float@box=\box65
\@float@everytoks=\toks35
\@floatcapt=\box66
) (C:\Users\chira\AppData\Local\Programs\MiKTeX\tex/latex/tools\array.sty
Package: array 2025/09/25 v2.6n Tabular extension package (FMi)
\col@sep=\dimen286
\ar@mcellbox=\box67
\extrarowheight=\dimen287
\NC@list=\toks36
\extratabsurround=\skip87
\backup@length=\skip88
\ar@cellbox=\box68
) (C:\Users\chira\AppData\Local\Programs\MiKTeX\tex/latex/draftwatermark\draftwatermark.sty
Package: draftwatermark 2024/03/04 3.3 Put a gray textual watermark on document pages
 (C:\Users\chira\AppData\Local\Programs\MiKTeX\tex/latex/kvoptions\kvoptions.sty
Package: kvoptions 2022-06-15 v3.15 Key value format for package options (HO)
 (C:\Users\chira\AppData\Local\Programs\MiKTeX\tex/generic/ltxcmds\ltxcmds.sty
Package: ltxcmds 2023-12-04 v1.26 LaTeX kernel commands for general use (HO)
) (C:\Users\chira\AppData\Local\Programs\MiKTeX\tex/latex/kvsetkeys\kvsetkeys.sty
Package: kvsetkeys 2022-10-05 v1.19 Key value parser (HO)
))) (C:\Users\chira\AppData\Local\Programs\MiKTeX\tex/latex/fancyhdr\fancyhdr.sty
Package: fancyhdr 2025/02/07 v5.2 Extensive control of page headers and footers
\f@nch@headwidth=\skip89
\f@nch@offset@elh=\skip90
\f@nch@offset@erh=\skip91
\f@nch@offset@olh=\skip92
\f@nch@offset@orh=\skip93
\f@nch@offset@elf=\skip94
\f@nch@offset@erf=\skip95
\f@nch@offset@olf=\skip96
\f@nch@offset@orf=\skip97
\f@nch@height=\skip98
\f@nch@footalignment=\skip99
\f@nch@widthL=\skip100
\f@nch@widthC=\skip101
\f@nch@widthR=\skip102
\@temptokenb=\toks37
) (C:\Users\chira\AppData\Local\Programs\MiKTeX\tex/latex/natbib\natbib.sty
Package: natbib 2010/09/13 8.31b (PWD, AO)
\bibhang=\skip103
\bibsep=\skip104
LaTeX Info: Redefining \cite on input line 694.
\c@NAT@ctr=\count315
) (C:\Users\chira\AppData\Local\Programs\MiKTeX\tex/latex/amsmath\amsmath.sty
Package: amsmath 2025/07/09 v2.17z AMS math features
\@mathmargin=\skip105

For additional information on amsmath, use the `?' option.
(C:\Users\chira\AppData\Local\Programs\MiKTeX\tex/latex/amsmath\amstext.sty
Package: amstext 2024/11/17 v2.01 AMS text
 (C:\Users\chira\AppData\Local\Programs\MiKTeX\tex/latex/amsmath\amsgen.sty
File: amsgen.sty 1999/11/30 v2.0 generic functions
\@emptytoks=\toks38
\ex@=\dimen288
)) (C:\Users\chira\AppData\Local\Programs\MiKTeX\tex/latex/amsmath\amsbsy.sty
Package: amsbsy 1999/11/29 v1.2d Bold Symbols
\pmbraise@=\dimen289
) (C:\Users\chira\AppData\Local\Programs\MiKTeX\tex/latex/amsmath\amsopn.sty
Package: amsopn 2022/04/08 v2.04 operator names
)
\inf@bad=\count316
LaTeX Info: Redefining \frac on input line 233.
\uproot@=\count317
\leftroot@=\count318
LaTeX Info: Redefining \overline on input line 398.
LaTeX Info: Redefining \colon on input line 409.
\classnum@=\count319
\DOTSCASE@=\count320
LaTeX Info: Redefining \ldots on input line 495.
LaTeX Info: Redefining \dots on input line 498.
LaTeX Info: Redefining \cdots on input line 619.
\Mathstrutbox@=\box69
\strutbox@=\box70
LaTeX Info: Redefining \big on input line 721.
LaTeX Info: Redefining \Big on input line 722.
LaTeX Info: Redefining \bigg on input line 723.
LaTeX Info: Redefining \Bigg on input line 724.
\big@size=\dimen290
LaTeX Font Info:    Redeclaring font encoding OML on input line 742.
LaTeX Font Info:    Redeclaring font encoding OMS on input line 743.
\macc@depth=\count321
LaTeX Info: Redefining \bmod on input line 904.
LaTeX Info: Redefining \pmod on input line 909.
LaTeX Info: Redefining \smash on input line 939.
LaTeX Info: Redefining \relbar on input line 969.
LaTeX Info: Redefining \Relbar on input line 970.
\c@MaxMatrixCols=\count322
\dotsspace@=\muskip17
\c@parentequation=\count323
\dspbrk@lvl=\count324
\tag@help=\toks39
\row@=\count325
\column@=\count326
\maxfields@=\count327
\andhelp@=\toks40
\eqnshift@=\dimen291
\alignsep@=\dimen292
\tagshift@=\dimen293
\tagwidth@=\dimen294
\totwidth@=\dimen295
\lineht@=\dimen296
\@envbody=\toks41
\multlinegap=\skip106
\multlinetaggap=\skip107
\mathdisplay@stack=\toks42
LaTeX Info: Redefining \[ on input line 2950.
LaTeX Info: Redefining \] on input line 2951.
) (C:\Users\chira\AppData\Local\Programs\MiKTeX\tex/latex/everypage\everypage.sty
Package: everypage 2020/10/17 R2.0b Hooks to run on every page


Package everypage Warning: Functionality similar to this package has recently
(everypage)                been implemented in LaTeX. This package is now in
(everypage)                legacy status.
(everypage)                Please, don't use it in new documents and packages.


Package everypage Warning: You appear to be running a version of LaTeX
(everypage)                providing the new functionality.
(everypage)                Doing the best to deliver the original `everypage`
(everypage)                interface on top of it. Strict equivalence is
(everypage)                not possible, breakage may occur.
(everypage)                If truly needed, Use `everypage-1x` to force the
(everypage)                loading of an older code base.

) (C:\Users\chira\AppData\Local\Programs\MiKTeX\tex/latex/tools\longtable.sty
Package: longtable 2025-10-13 v4.24 Multi-page Table package (DPC)
\LTleft=\skip108
\LTright=\skip109
\LTpre=\skip110
\LTpost=\skip111
\LTchunksize=\count328
\LTcapwidth=\dimen297
\LT@head=\box71
\LT@firsthead=\box72
\LT@foot=\box73
\LT@lastfoot=\box74
\LT@gbox=\box75
\LT@cols=\count329
\LT@rows=\count330
\c@LT@tables=\count331
\c@LT@chunks=\count332
\LT@p@ftn=\toks43
) (C:\Users\chira\AppData\Local\Programs\MiKTeX\tex/latex/listings\listings.sty
\lst@mode=\count333
\lst@gtempboxa=\box76
\lst@token=\toks44
\lst@length=\count334
\lst@currlwidth=\dimen298
\lst@column=\count335
\lst@pos=\count336
\lst@lostspace=\dimen299
\lst@width=\dimen300
\lst@newlines=\count337
\lst@lineno=\count338
\lst@maxwidth=\dimen301
 (C:\Users\chira\AppData\Local\Programs\MiKTeX\tex/latex/listings\lstpatch.sty
File: lstpatch.sty 2025/11/14 1.11b (Carsten Heinz)
) (C:\Users\chira\AppData\Local\Programs\MiKTeX\tex/latex/listings\lstmisc.sty
File: lstmisc.sty 2025/11/14 1.11b (Carsten Heinz)
\c@lstnumber=\count339
\lst@skipnumbers=\count340
\lst@framebox=\box77
) (C:\Users\chira\AppData\Local\Programs\MiKTeX\tex/latex/listings\listings.cfg
File: listings.cfg 2025/11/14 1.11b listings configuration
))
Package: listings 2025/11/14 1.11b (Carsten Heinz)

==> First Aid for listings.sty no longer applied!
    Expected:
        2024/09/23 1.10c (Carsten Heinz)
    but found:
        2025/11/14 1.11b (Carsten Heinz)
    so I'm assuming it got fixed.
(C:\Users\chira\AppData\Local\Programs\MiKTeX\tex/latex/hyperref\hyperref.sty
Package: hyperref 2025-07-12 v7.01o Hypertext links for LaTeX
 (C:\Users\chira\AppData\Local\Programs\MiKTeX\tex/generic/kvdefinekeys\kvdefinekeys.sty
Package: kvdefinekeys 2019-12-19 v1.6 Define keys (HO)
) (C:\Users\chira\AppData\Local\Programs\MiKTeX\tex/generic/pdfescape\pdfescape.sty
Package: pdfescape 2019/12/09 v1.15 Implements pdfTeX's escape features (HO)
 (C:\Users\chira\AppData\Local\Programs\MiKTeX\tex/generic/pdftexcmds\pdftexcmds.sty
Package: pdftexcmds 2020-06-27 v0.33 Utility functions of pdfTeX for LuaTeX (HO)
 (C:\Users\chira\AppData\Local\Programs\MiKTeX\tex/generic/infwarerr\infwarerr.sty
Package: infwarerr 2019/12/03 v1.5 Providing info/warning/error messages (HO)
)
Package pdftexcmds Info: \pdf@primitive is available.
Package pdftexcmds Info: \pdf@ifprimitive is available.
Package pdftexcmds Info: \pdfdraftmode found.
)) (C:\Users\chira\AppData\Local\Programs\MiKTeX\tex/latex/hycolor\hycolor.sty
Package: hycolor 2020-01-27 v1.10 Color options for hyperref/bookmark (HO)
) (C:\Users\chira\AppData\Local\Programs\MiKTeX\tex/latex/hyperref\nameref.sty
Package: nameref 2025-06-21 v2.57 Cross-referencing by name of section
 (C:\Users\chira\AppData\Local\Programs\MiKTeX\tex/latex/refcount\refcount.sty
Package: refcount 2019/12/15 v3.6 Data extraction from label references (HO)
) (C:\Users\chira\AppData\Local\Programs\MiKTeX\tex/generic/gettitlestring\gettitlestring.sty
Package: gettitlestring 2019/12/15 v1.6 Cleanup title references (HO)
)
\c@section@level=\count341
) (C:\Users\chira\AppData\Local\Programs\MiKTeX\tex/latex/etoolbox\etoolbox.sty
Package: etoolbox 2025/10/02 v2.5m e-TeX tools for LaTeX (JAW)
\etb@tempcnta=\count342
) (C:\Users\chira\AppData\Local\Programs\MiKTeX\tex/generic/stringenc\stringenc.sty
Package: stringenc 2019/11/29 v1.12 Convert strings between diff. encodings (HO)
)
\@linkdim=\dimen302
\Hy@linkcounter=\count343
\Hy@pagecounter=\count344
 (C:\Users\chira\AppData\Local\Programs\MiKTeX\tex/latex/hyperref\pd1enc.def
File: pd1enc.def 2025-07-12 v7.01o Hyperref: PDFDocEncoding definition (HO)
Now handling font encoding PD1 ...
... no UTF-8 mapping file for font encoding PD1
) (C:\Users\chira\AppData\Local\Programs\MiKTeX\tex/generic/intcalc\intcalc.sty
Package: intcalc 2019/12/15 v1.3 Expandable calculations with integers (HO)
)
\Hy@SavedSpaceFactor=\count345
 (C:\Users\chira\AppData\Local\Programs\MiKTeX\tex/latex/hyperref\puenc.def
File: puenc.def 2025-07-12 v7.01o Hyperref: PDF Unicode definition (HO)
Now handling font encoding PU ...
... no UTF-8 mapping file for font encoding PU
)
Package hyperref Info: Hyper figures OFF on input line 4195.
Package hyperref Info: Link nesting OFF on input line 4200.
Package hyperref Info: Hyper index ON on input line 4203.
Package hyperref Info: Plain pages OFF on input line 4210.
Package hyperref Info: Backreferencing OFF on input line 4215.
Package hyperref Info: Implicit mode ON; LaTeX internals redefined.
Package hyperref Info: Bookmarks ON on input line 4462.
\c@Hy@tempcnt=\count346
 (C:\Users\chira\AppData\Local\Programs\MiKTeX\tex/latex/url\url.sty
\Urlmuskip=\muskip18
Package: url 2013/09/16  ver 3.4  Verb mode for urls, etc.
)
LaTeX Info: Redefining \url on input line 4801.
\XeTeXLinkMargin=\dimen303
 (C:\Users\chira\AppData\Local\Programs\MiKTeX\tex/generic/bitset\bitset.sty
Package: bitset 2019/12/09 v1.3 Handle bit-vector datatype (HO)
 (C:\Users\chira\AppData\Local\Programs\MiKTeX\tex/generic/bigintcalc\bigintcalc.sty
Package: bigintcalc 2019/12/15 v1.5 Expandable calculations on big integers (HO)
))
\Fld@menulength=\count347
\Field@Width=\dimen304
\Fld@charsize=\dimen305
Package hyperref Info: Hyper figures OFF on input line 6078.
Package hyperref Info: Link nesting OFF on input line 6083.
Package hyperref Info: Hyper index ON on input line 6086.
Package hyperref Info: backreferencing OFF on input line 6093.
Package hyperref Info: Link coloring OFF on input line 6098.
Package hyperref Info: Link coloring with OCG OFF on input line 6103.
Package hyperref Info: PDF/A mode OFF on input line 6108.
\Hy@abspage=\count348
\c@Item=\count349
\c@Hfootnote=\count350
)
Package hyperref Info: Driver (autodetected): hpdftex.
 (C:\Users\chira\AppData\Local\Programs\MiKTeX\tex/latex/hyperref\hpdftex.def
File: hpdftex.def 2025-07-12 v7.01o Hyperref driver for pdfTeX
\Fld@listcount=\count351
\c@bookmark@seq@number=\count352
 (C:\Users\chira\AppData\Local\Programs\MiKTeX\tex/latex/rerunfilecheck\rerunfilecheck.sty
Package: rerunfilecheck 2025-06-21 v1.11 Rerun checks for auxiliary files (HO)
 (C:\Users\chira\AppData\Local\Programs\MiKTeX\tex/generic/uniquecounter\uniquecounter.sty
Package: uniquecounter 2019/12/15 v1.4 Provide unlimited unique counter (HO)
)
Package uniquecounter Info: New unique counter `rerunfilecheck' on input line 284.
)
\Hy@SectionHShift=\skip112
) (C:\Users\chira\AppData\Local\Programs\MiKTeX\tex/latex/listings\lstlang1.sty
File: lstlang1.sty 2025/11/14 1.11b listings language file
)
LaTeX Font Info:    Trying to load font information for T1+ptm on input line 114.
 (C:\Users\chira\AppData\Local\Programs\MiKTeX\tex/latex/psnfss\t1ptm.fd
File: t1ptm.fd 2001/06/04 font definitions for T1/ptm.
) (C:\Users\chira\AppData\Local\Programs\MiKTeX\tex/latex/l3backend\l3backend-pdftex.def
File: l3backend-pdftex.def 2025-10-09 L3 backend support: PDF output (pdfTeX)
\l__color_backend_stack_int=\count353
) (report.aux)
\openout1 = `report.aux'.

LaTeX Font Info:    Checking defaults for OML/cmm/m/it on input line 114.
LaTeX Font Info:    ... okay on input line 114.
LaTeX Font Info:    Checking defaults for OMS/cmsy/m/n on input line 114.
LaTeX Font Info:    ... okay on input line 114.
LaTeX Font Info:    Checking defaults for OT1/cmr/m/n on input line 114.
LaTeX Font Info:    ... okay on input line 114.
LaTeX Font Info:    Checking defaults for T1/cmr/m/n on input line 114.
LaTeX Font Info:    ... okay on input line 114.
LaTeX Font Info:    Checking defaults for TS1/cmr/m/n on input line 114.
LaTeX Font Info:    ... okay on input line 114.
LaTeX Font Info:    Checking defaults for OMX/cmex/m/n on input line 114.
LaTeX Font Info:    ... okay on input line 114.
LaTeX Font Info:    Checking defaults for U/cmr/m/n on input line 114.
LaTeX Font Info:    ... okay on input line 114.
LaTeX Font Info:    Checking defaults for PD1/pdf/m/n on input line 114.
LaTeX Font Info:    ... okay on input line 114.
LaTeX Font Info:    Checking defaults for PU/pdf/m/n on input line 114.
LaTeX Font Info:    ... okay on input line 114.

*geometry* driver: auto-detecting
*geometry* detected driver: pdftex
*geometry* verbose mode - [ preamble ] result:
* driver: pdftex
* paper: <default>
* layout: <same size as paper>
* layoutoffset:(h,v)=(0.0pt,0.0pt)
* modes: 
* h-part:(L,W,R)=(72.26999pt, 469.75502pt, 72.26999pt)
* v-part:(T,H,B)=(72.26999pt, 650.43001pt, 72.26999pt)
* \paperwidth=614.295pt
* \paperheight=794.96999pt
* \textwidth=469.75502pt
* \textheight=650.43001pt
* \oddsidemargin=0.0pt
* \evensidemargin=0.0pt
* \topmargin=-35.0pt
* \headheight=20.0pt
* \headsep=15.0pt
* \topskip=12.0pt
* \footskip=30.0pt
* \marginparwidth=44.0pt
* \marginparsep=10.0pt
* \columnsep=10.0pt
* \skip\footins=10.8pt plus 4.0pt minus 2.0pt
* \hoffset=0.0pt
* \voffset=0.0pt
* \mag=1000
* \@twocolumnfalse
* \@twosidefalse
* \@mparswitchfalse
* \@reversemarginfalse
* (1in=72.27pt=25.4mm, 1cm=28.453pt)

(C:\Users\chira\AppData\Local\Programs\MiKTeX\tex/context/base/mkii\supp-pdf.mkii
[Loading MPS to PDF converter (version 2006.09.02).]
\scratchcounter=\count354
\scratchdimen=\dimen306
\scratchbox=\box78
\nofMPsegments=\count355
\nofMParguments=\count356
\everyMPshowfont=\toks45
\MPscratchCnt=\count357
\MPscratchDim=\dimen307
\MPnumerator=\count358
\makeMPintoPDFobject=\count359
\everyMPtoPDFconversion=\toks46
) (C:\Users\chira\AppData\Local\Programs\MiKTeX\tex/latex/epstopdf-pkg\epstopdf-base.sty
Package: epstopdf-base 2020-01-24 v2.11 Base part for package epstopdf
Package epstopdf-base Info: Redefining graphics rule for `.eps' on input line 485.
 (C:\Users\chira\AppData\Local\Programs\MiKTeX\tex/latex/00miktex\epstopdf-sys.cfg
File: epstopdf-sys.cfg 2021/03/18 v2.0 Configuration of epstopdf for MiKTeX
))
\c@lstlisting=\count360
Package hyperref Info: Link coloring OFF on input line 114.
 (report.out) (report.out)
\@outlinefile=\write4
\openout4 = `report.out'.

LaTeX Font Info:    Trying to load font information for TS1+ptm on input line 126.
 (C:\Users\chira\AppData\Local\Programs\MiKTeX\tex/latex/psnfss\ts1ptm.fd
File: ts1ptm.fd 2001/06/04 font definitions for TS1/ptm.
)
<rvce_logo.png, id=294, 401.24907pt x 156.585pt>
File: rvce_logo.png Graphic file (type png)
<use rvce_logo.png>
Package pdftex.def Info: rvce_logo.png  used on input line 133.
(pdftex.def)             Requested size: 270.30118pt x 75.77867pt.
LaTeX Font Info:    Calculating math sizes for size <11> on input line 147.


LaTeX Font Warning: Font shape `OT1/cmr/m/n' in size <5.5> not available
(Font)              size <5> substituted on input line 147.


LaTeX Font Warning: Font shape `OML/cmm/m/it' in size <5.5> not available
(Font)              size <5> substituted on input line 147.


LaTeX Font Warning: Font shape `OMS/cmsy/m/n' in size <5.5> not available
(Font)              size <5> substituted on input line 147.

[1

{C:/Users/chira/AppData/Local/MiKTeX/fonts/map/pdftex/pdftex.map}{C:/Users/chira/AppData/Local/Programs/MiKTeX/fonts/enc/dvips/base/8r.enc} <./rvce_logo.png>]
File: rvce_logo.png Graphic file (type png)
<use rvce_logo.png>
Package pdftex.def Info: rvce_logo.png  used on input line 183.
(pdftex.def)             Requested size: 352.31625pt x 137.49895pt.

Overfull \hbox (14.89354pt too wide) in paragraph at lines 194--195
\T1/ptm/b/n/12 (IHORMS) \T1/ptm/m/n/12 is car-ried out by \T1/ptm/b/n/12 CHI-RAG H (1RV24AI402) \T1/ptm/m/n/12 and \T1/ptm/b/n/12 KUSHAL S GOWDA (1RV23AI048)\T1/ptm/m/n/12 ,
 []


Underfull \hbox (badness 10000) in paragraph at lines 201--202

 []


pdfTeX warning (ext4): destination with the same identifier (name{page.i}) has been already used, duplicate ignored
<to be read again> 
                   \relax 
l.224 \newpage
              
<logo_forwatermark.png, id=306, 1027.84pt x 1027.84pt>
File: logo_forwatermark.png Graphic file (type png)
<use logo_forwatermark.png>
Package pdftex.def Info: logo_forwatermark.png  used on input line 224.
(pdftex.def)             Requested size: 227.62204pt x 227.61543pt.
 [1 <./logo_forwatermark.png (PNG copy)>] (report.toc
pdfTeX warning (ext4): destination with the same identifier (name{page.i}) has been already used, duplicate ignored
<to be read again> 
                   \relax 
l.32 ...: Major System Processes}{15}{section.4.2}
                                                  %
File: logo_forwatermark.png Graphic file (type png)
<use logo_forwatermark.png>
Package pdftex.def Info: logo_forwatermark.png  used on input line 32.
(pdftex.def)             Requested size: 227.62204pt x 227.61543pt.
 [1

]
File: logo_forwatermark.png Graphic file (type png)
<use logo_forwatermark.png>
Package pdftex.def Info: logo_forwatermark.png  used on input line 65.
(pdftex.def)             Requested size: 227.62204pt x 227.61543pt.
 [2])
\tf@toc=\write5
\openout5 = `report.toc'.

File: logo_forwatermark.png Graphic file (type png)
<use logo_forwatermark.png>
Package pdftex.def Info: logo_forwatermark.png  used on input line 236.
(pdftex.def)             Requested size: 227.62204pt x 227.61543pt.
 [3]
Chapter 1.

Overfull \hbox (6.56772pt too wide) in paragraph at lines 246--247
\T1/ptm/m/n/12 op-er-at-ing across mul-ti-ple phys-i-cal lo-ca-tions. Un-like con-ven-tional single-location sys-tems, IHORMS
 []


Overfull \hbox (6.50467pt too wide) in paragraph at lines 248--249
[]\T1/ptm/m/n/12 IHORMS rev-o-lu-tion-izes health-care de-liv-ery through in-tel-li-gent au-toma-tion and role-based work-
 []

File: logo_forwatermark.png Graphic file (type png)
<use logo_forwatermark.png>
Package pdftex.def Info: logo_forwatermark.png  used on input line 259.
(pdftex.def)             Requested size: 227.62204pt x 227.61543pt.
[1


]
File: logo_forwatermark.png Graphic file (type png)
<use logo_forwatermark.png>
Package pdftex.def Info: logo_forwatermark.png  used on input line 281.
(pdftex.def)             Requested size: 227.62204pt x 227.61543pt.
 [2]
File: logo_forwatermark.png Graphic file (type png)
<use logo_forwatermark.png>
Package pdftex.def Info: logo_forwatermark.png  used on input line 289.
(pdftex.def)             Requested size: 227.62204pt x 227.61543pt.
 [3]
Chapter 2.
File: logo_forwatermark.png Graphic file (type png)
<use logo_forwatermark.png>
Package pdftex.def Info: logo_forwatermark.png  used on input line 321.
(pdftex.def)             Requested size: 227.62204pt x 227.61543pt.
[4

]
File: logo_forwatermark.png Graphic file (type png)
<use logo_forwatermark.png>
Package pdftex.def Info: logo_forwatermark.png  used on input line 356.
(pdftex.def)             Requested size: 227.62204pt x 227.61543pt.
 [5]
Overfull \hbox (6.32834pt too wide) in paragraph at lines 375--376
\T1/ptm/b/n/12 Organization Iso-la-tion\T1/ptm/m/n/12 : Com-plete data seg-re-ga-tion be-tween hos-pi-tal or-ga-ni-za-tions en-sur-ing Apollo
 []

File: logo_forwatermark.png Graphic file (type png)
<use logo_forwatermark.png>
Package pdftex.def Info: logo_forwatermark.png  used on input line 390.
(pdftex.def)             Requested size: 227.62204pt x 227.61543pt.
[6]
File: logo_forwatermark.png Graphic file (type png)
<use logo_forwatermark.png>
Package pdftex.def Info: logo_forwatermark.png  used on input line 425.
(pdftex.def)             Requested size: 227.62204pt x 227.61543pt.
 [7]
File: logo_forwatermark.png Graphic file (type png)
<use logo_forwatermark.png>
Package pdftex.def Info: logo_forwatermark.png  used on input line 459.
(pdftex.def)             Requested size: 227.62204pt x 227.61543pt.
 [8]
File: logo_forwatermark.png Graphic file (type png)
<use logo_forwatermark.png>
Package pdftex.def Info: logo_forwatermark.png  used on input line 484.
(pdftex.def)             Requested size: 227.62204pt x 227.61543pt.
 [9]
Chapter 3.

Overfull \hbox (7.71692pt too wide) in paragraph at lines 492--493
[]\T1/ptm/m/n/12 The \T1/ptm/b/n/12 Branch \T1/ptm/m/n/12 en-tity rep-re-sents phys-i-cal hos-pi-tal lo-ca-tions within an or-ga-ni-za-tion, stor-ing location-
 []

File: logo_forwatermark.png Graphic file (type png)
<use logo_forwatermark.png>
Package pdftex.def Info: logo_forwatermark.png  used on input line 503.
(pdftex.def)             Requested size: 227.62204pt x 227.61543pt.
[10

]
<ERDiagram.jpg, id=429, 751.30687pt x 417.05812pt>
File: ERDiagram.jpg Graphic file (type jpg)
<use ERDiagram.jpg>
Package pdftex.def Info: ERDiagram.jpg  used on input line 522.
(pdftex.def)             Requested size: 446.26582pt x 247.72946pt.
File: logo_forwatermark.png Graphic file (type png)
<use logo_forwatermark.png>
Package pdftex.def Info: logo_forwatermark.png  used on input line 531.
(pdftex.def)             Requested size: 227.62204pt x 227.61543pt.
 [11 <./ERDiagram.jpg>]
Overfull \hbox (45.10957pt too wide) in paragraph at lines 531--532
[]\T1/ptm/b/n/12 Organization to Branch (1:N)\T1/ptm/m/n/12 : Each or-ga-ni-za-tion owns mul-ti-ple branches, with Branch.organization_id
 []


Overfull \hbox (63.56471pt too wide) in paragraph at lines 535--536
[]\T1/ptm/b/n/12 Organization to User (1:N)\T1/ptm/m/n/12 : Each or-ga-ni-za-tion has mul-ti-ple users across all roles, with User.organization_id
 []


Overfull \hbox (46.34459pt too wide) in paragraph at lines 543--544
[]\T1/ptm/b/n/12 Appointment to Billing (1:1)\T1/ptm/m/n/12 : Each ap-point-ment gen-er-ates ex-actly one bill, with Billing.appointment_id
 []

File: logo_forwatermark.png Graphic file (type png)
<use logo_forwatermark.png>
Package pdftex.def Info: logo_forwatermark.png  used on input line 562.
(pdftex.def)             Requested size: 227.62204pt x 227.61543pt.
[12]
File: logo_forwatermark.png Graphic file (type png)
<use logo_forwatermark.png>
Package pdftex.def Info: logo_forwatermark.png  used on input line 572.
(pdftex.def)             Requested size: 227.62204pt x 227.61543pt.
 [13]
Chapter 4.
<DFD0.png, id=443, 890.235pt x 237.834pt>
File: DFD0.png Graphic file (type png)
<use DFD0.png>
Package pdftex.def Info: DFD0.png  used on input line 596.
(pdftex.def)             Requested size: 422.77664pt x 112.94691pt.
File: logo_forwatermark.png Graphic file (type png)
<use logo_forwatermark.png>
Package pdftex.def Info: logo_forwatermark.png  used on input line 600.
(pdftex.def)             Requested size: 227.62204pt x 227.61543pt.
[14

]
<DFD1.jpg, id=450, 778.40813pt x 423.83344pt>
File: DFD1.jpg Graphic file (type jpg)
<use DFD1.jpg>
Package pdftex.def Info: DFD1.jpg  used on input line 619.
(pdftex.def)             Requested size: 446.26582pt x 242.99094pt.
File: logo_forwatermark.png Graphic file (type png)
<use logo_forwatermark.png>
Package pdftex.def Info: logo_forwatermark.png  used on input line 623.
(pdftex.def)             Requested size: 227.62204pt x 227.61543pt.
 [15 <./DFD0.png>]
<DFD2.1.jpg, id=457, 855.94781pt x 395.22656pt>
File: DFD2.1.jpg Graphic file (type jpg)
<use DFD2.1.jpg>
Package pdftex.def Info: DFD2.1.jpg  used on input line 640.
(pdftex.def)             Requested size: 422.77664pt x 195.21259pt.
File: logo_forwatermark.png Graphic file (type png)
<use logo_forwatermark.png>
Package pdftex.def Info: logo_forwatermark.png  used on input line 644.
(pdftex.def)             Requested size: 227.62204pt x 227.61543pt.
 [16 <./DFD1.jpg>]
<DFD2.2.jpg, id=463, 642.14906pt x 420.06938pt>
File: DFD2.2.jpg Graphic file (type jpg)
<use DFD2.2.jpg>
Package pdftex.def Info: DFD2.2.jpg  used on input line 659.
(pdftex.def)             Requested size: 422.77664pt x 276.57362pt.
File: logo_forwatermark.png Graphic file (type png)
<use logo_forwatermark.png>
Package pdftex.def Info: logo_forwatermark.png  used on input line 663.
(pdftex.def)             Requested size: 227.62204pt x 227.61543pt.
 [17 <./DFD2.1.jpg>]
<DFD2.3.jpg, id=469, 615.0478pt x 422.32782pt>
File: DFD2.3.jpg Graphic file (type jpg)
<use DFD2.3.jpg>
Package pdftex.def Info: DFD2.3.jpg  used on input line 678.
(pdftex.def)             Requested size: 422.77664pt x 290.30455pt.
File: logo_forwatermark.png Graphic file (type png)
<use logo_forwatermark.png>
Package pdftex.def Info: logo_forwatermark.png  used on input line 682.
(pdftex.def)             Requested size: 227.62204pt x 227.61543pt.
 [18 <./DFD2.2.jpg>]
<DFD2.4.jpg, id=475, 670.75594pt x 423.83344pt>
File: DFD2.4.jpg Graphic file (type jpg)
<use DFD2.4.jpg>
Package pdftex.def Info: DFD2.4.jpg  used on input line 699.
(pdftex.def)             Requested size: 422.77664pt x 267.13934pt.
File: logo_forwatermark.png Graphic file (type png)
<use logo_forwatermark.png>
Package pdftex.def Info: logo_forwatermark.png  used on input line 703.
(pdftex.def)             Requested size: 227.62204pt x 227.61543pt.
 [19 <./DFD2.3.jpg>]
File: logo_forwatermark.png Graphic file (type png)
<use logo_forwatermark.png>
Package pdftex.def Info: logo_forwatermark.png  used on input line 705.
(pdftex.def)             Requested size: 227.62204pt x 227.61543pt.
 [20 <./DFD2.4.jpg>]
Chapter 5.
<relationalschema.png, id=487, 8222.72pt x 6846.57875pt>
File: relationalschema.png Graphic file (type png)
<use relationalschema.png>
Package pdftex.def Info: relationalschema.png  used on input line 716.
(pdftex.def)             Requested size: 446.26582pt x 371.4962pt.
File: logo_forwatermark.png Graphic file (type png)
<use logo_forwatermark.png>
Package pdftex.def Info: logo_forwatermark.png  used on input line 720.
(pdftex.def)             Requested size: 227.62204pt x 227.61543pt.
[21

]
Underfull \hbox (badness 10000) in paragraph at lines 732--732
[]|\T1/ptm/m/n/12 No re-peat-ing
 []


Underfull \hbox (badness 10000) in paragraph at lines 733--733
[]|\T1/ptm/m/n/12 Consistent row
 []

File: logo_forwatermark.png Graphic file (type png)
<use logo_forwatermark.png>
Package pdftex.def Info: logo_forwatermark.png  used on input line 737.
(pdftex.def)             Requested size: 227.62204pt x 227.61543pt.
[22 <./relationalschema.png>]
Underfull \hbox (badness 1939) in paragraph at lines 746--746
[]|\T1/ptm/m/n/12 Separated pro-fes-sional
 []

LaTeX Font Info:    Trying to load font information for T1+pcr on input line 746.
(C:\Users\chira\AppData\Local\Programs\MiKTeX\tex/latex/psnfss\t1pcr.fd
File: t1pcr.fd 2001/06/04 font definitions for T1/pcr.
)
Underfull \hbox (badness 10000) in paragraph at lines 747--747
[]|\T1/ptm/m/n/12 Independent re-source
 []


Underfull \hbox (badness 10000) in paragraph at lines 760--760
[]|\T1/ptm/m/n/12 No tran-si-tive de-pen-
 []


Underfull \hbox (badness 2744) in paragraph at lines 761--761
[]|\T1/ptm/m/n/12 Organization-level de-tails are stored in \T1/pcr/m/n/12 organizations\T1/ptm/m/n/12 ;
 []

File: logo_forwatermark.png Graphic file (type png)
<use logo_forwatermark.png>
Package pdftex.def Info: logo_forwatermark.png  used on input line 767.
(pdftex.def)             Requested size: 227.62204pt x 227.61543pt.
[23]
Underfull \hbox (badness 2486) in paragraph at lines 779--779
[]|\T1/ptm/m/n/12 name (Unique), ad-dress, city, state,
 []


Underfull \hbox (badness 10000) in paragraph at lines 779--779
\T1/ptm/m/n/12 coun-try, pin-code, phone, email
 []


Underfull \hbox (badness 4872) in paragraph at lines 779--779
\T1/ptm/m/n/12 (Unique), is_active, cre-ated_at, up-
 []


Overfull \hbox (35.48901pt too wide) in paragraph at lines 775--784
 [][] 
 []


Underfull \hbox (badness 3118) in paragraph at lines 796--796
[]|\T1/ptm/m/n/12 role (Enum), email (Unique), pass-
 []


Underfull \hbox (badness 10000) in paragraph at lines 796--796
\T1/ptm/m/n/12 word_hash, first_name, last_name,
 []


Underfull \hbox (badness 2103) in paragraph at lines 796--796
\T1/ptm/m/n/12 is_active, is_deleted, last_login, cre-
 []


Underfull \hbox (badness 10000) in paragraph at lines 799--799
[]|\T1/ptm/m/n/12 user_id $\OMS/cmsy/m/n/12 !$ \T1/ptm/m/n/12 users(id)
 []


Underfull \hbox (badness 10000) in paragraph at lines 800--800
[]|\T1/ptm/m/n/12 specialization, qual-i-fi-ca-tion, ex-pe-ri-
 []


Underfull \hbox (badness 1048) in paragraph at lines 800--800
\T1/ptm/m/n/12 ence_years, li-cense_number (Unique),
 []


Underfull \hbox (badness 10000) in paragraph at lines 803--803
[]|\T1/ptm/m/n/12 user_id $\OMS/cmsy/m/n/12 !$ \T1/ptm/m/n/12 users(id)
 []


Underfull \hbox (badness 10000) in paragraph at lines 803--803
\T1/ptm/m/n/12 (Unique), or-ga-ni-za-
 []


Underfull \hbox (badness 10000) in paragraph at lines 803--803
\T1/ptm/m/n/12 tion_id $\OMS/cmsy/m/n/12 !$ \T1/ptm/m/n/12 or-ga-ni-za-
 []


Underfull \hbox (badness 1436) in paragraph at lines 803--803
\T1/ptm/m/n/12 tions(id), branch_id $\OMS/cmsy/m/n/12 !$
 []


Underfull \hbox (badness 10000) in paragraph at lines 804--804
[]|\T1/ptm/m/n/12 patient_uid (Unique), blood_group
 []


Underfull \hbox (badness 10000) in paragraph at lines 804--804
\T1/ptm/m/n/12 (Enum), emer-gency_contact,
 []


Underfull \hbox (badness 10000) in paragraph at lines 804--804
\T1/ptm/m/n/12 emer-gency_contact_name, ad-
 []


Underfull \hbox (badness 10000) in paragraph at lines 804--804
\T1/ptm/m/n/12 dress, in-sur-ance_provider, in-sur-
 []


Overfull \hbox (35.48901pt too wide) in paragraph at lines 791--806
 [][] 
 []

File: logo_forwatermark.png Graphic file (type png)
<use logo_forwatermark.png>
Package pdftex.def Info: logo_forwatermark.png  used on input line 808.
(pdftex.def)             Requested size: 227.62204pt x 227.61543pt.
[24]
Underfull \hbox (badness 10000) in paragraph at lines 817--817
[]|\T1/ptm/m/n/12 branch_id $\OMS/cmsy/m/n/12 !$
 []


Underfull \hbox (badness 10000) in paragraph at lines 821--821
[]|\T1/ptm/m/n/12 patient_id $\OMS/cmsy/m/n/12 !$ \T1/ptm/m/n/12 pa-
 []


Underfull \hbox (badness 4582) in paragraph at lines 821--821
\T1/ptm/m/n/12 tients(id), room_id $\OMS/cmsy/m/n/12 !$
 []


Overfull \hbox (35.48901pt too wide) in paragraph at lines 813--824
 [][] 
 []


Underfull \hbox (badness 10000) in paragraph at lines 835--835
[]|\T1/ptm/m/n/12 patient_id $\OMS/cmsy/m/n/12 !$ \T1/ptm/m/n/12 pa-
 []


Underfull \hbox (badness 1158) in paragraph at lines 835--835
\T1/ptm/m/n/12 tients(id), doc-tor_id $\OMS/cmsy/m/n/12 !$
 []


Underfull \hbox (badness 10000) in paragraph at lines 835--835
\T1/ptm/m/n/12 rooms(id), cre-ated_by
 []


Underfull \hbox (badness 10000) in paragraph at lines 836--836
[]|\T1/ptm/m/n/12 appointment_date, ap-point-ment_time,
 []


Underfull \hbox (badness 3019) in paragraph at lines 836--836
\T1/ptm/m/n/12 di-ag-no-sis, pre-scrip-tion, ver-dict, cre-
 []


Underfull \hbox (badness 10000) in paragraph at lines 839--839
[]|\T1/ptm/m/n/12 patient_id $\OMS/cmsy/m/n/12 !$ \T1/ptm/m/n/12 pa-
 []


Underfull \hbox (badness 2050) in paragraph at lines 839--839
\T1/ptm/m/n/12 tients(id), ad-mis-sion_id
 []


Underfull \hbox (badness 10000) in paragraph at lines 839--839
\OMS/cmsy/m/n/12 !$ \T1/ptm/m/n/12 ad-mis-sions(id),
 []


Underfull \hbox (badness 10000) in paragraph at lines 840--840
[]|\T1/ptm/m/n/12 heart_rate, blood_pressure_systolic,
 []


Underfull \hbox (badness 3240) in paragraph at lines 840--840
\T1/ptm/m/n/12 blood_pressure_diastolic, tem-per-a-ture,
 []


Underfull \hbox (badness 10000) in paragraph at lines 840--840
\T1/ptm/m/n/12 oxy-gen_saturation, res-pi-ra-tory_rate,
 []


Underfull \hbox (badness 10000) in paragraph at lines 840--840
\T1/ptm/m/n/12 is_icu, crit-i-cal_alert, alert_message,
 []


Overfull \hbox (35.48901pt too wide) in paragraph at lines 831--842
 [][] 
 []

File: logo_forwatermark.png Graphic file (type png)
<use logo_forwatermark.png>
Package pdftex.def Info: logo_forwatermark.png  used on input line 844.
(pdftex.def)             Requested size: 227.62204pt x 227.61543pt.
[25]
Underfull \hbox (badness 10000) in paragraph at lines 853--853
[]|\T1/ptm/m/n/12 appointment_id $\OMS/cmsy/m/n/12 !$
 []


Underfull \hbox (badness 10000) in paragraph at lines 853--853
\T1/ptm/m/n/12 ap-point-ments(id), pa-
 []


Underfull \hbox (badness 10000) in paragraph at lines 854--854
[]|\T1/ptm/m/n/12 bill_number (Unique), bill_date,
 []


Underfull \hbox (badness 10000) in paragraph at lines 854--854
\T1/ptm/m/n/12 con-sul-ta-tion_fee, med-i-ca-tion_cost,
 []


Underfull \hbox (badness 10000) in paragraph at lines 854--854
\T1/ptm/m/n/12 room_charges, test_charges,
 []


Underfull \hbox (badness 10000) in paragraph at lines 854--854
\T1/ptm/m/n/12 to-tal_amount, amount_paid, pay-
 []


Overfull \hbox (35.48901pt too wide) in paragraph at lines 849--856
 [][] 
 []


Underfull \hbox (badness 10000) in paragraph at lines 867--867
[]|\T1/ptm/m/n/12 branch_id $\OMS/cmsy/m/n/12 !$
 []


Underfull \hbox (badness 10000) in paragraph at lines 868--868
[]|\T1/ptm/m/n/12 medicine_name, generic_name,
 []


Underfull \hbox (badness 10000) in paragraph at lines 868--868
\T1/ptm/m/n/12 man-u-fac-turer, batch_number, quan-
 []


Underfull \hbox (badness 1331) in paragraph at lines 868--868
\T1/ptm/m/n/12 tity_in_stock, unit_price, ex-piry_date,
 []


Overfull \hbox (35.48901pt too wide) in paragraph at lines 863--870
 [][] 
 []

File: logo_forwatermark.png Graphic file (type png)
<use logo_forwatermark.png>
Package pdftex.def Info: logo_forwatermark.png  used on input line 872.
(pdftex.def)             Requested size: 227.62204pt x 227.61543pt.
[26]
Overfull \hbox (30.1757pt too wide) in paragraph at lines 899--899
[]|\T1/ptm/m/n/12 idx_appointment_date_doctor| 
 []


Overfull \hbox (43.84326pt too wide) in paragraph at lines 899--899
[]|\T1/ptm/m/n/12 appointments(appointment_date,
 []


Overfull \hbox (26.14267pt too wide) in paragraph at lines 900--900
[]|\T1/ptm/m/n/12 telemetry_data(critical_alert)
 []


Underfull \hbox (badness 10000) in paragraph at lines 900--900
\T1/ptm/m/n/12 WHERE crit-i-
 []

File: logo_forwatermark.png Graphic file (type png)
<use logo_forwatermark.png>
Package pdftex.def Info: logo_forwatermark.png  used on input line 905.
(pdftex.def)             Requested size: 227.62204pt x 227.61543pt.
[27]
File: logo_forwatermark.png Graphic file (type png)
<use logo_forwatermark.png>
Package pdftex.def Info: logo_forwatermark.png  used on input line 907.
(pdftex.def)             Requested size: 227.62204pt x 227.61543pt.
 [28]
Chapter 6.
File: logo_forwatermark.png Graphic file (type png)
<use logo_forwatermark.png>
Package pdftex.def Info: logo_forwatermark.png  used on input line 914.
(pdftex.def)             Requested size: 227.62204pt x 227.61543pt.
[29

]
Chapter 7.

Overfull \hbox (0.24265pt too wide) in paragraph at lines 923--924
[]\T1/ptm/m/n/12 A. Dwivedi et al., ``Se-cu-rity Anal-y-sis of Lightweight Au-then-ti-ca-tion Schemes for IoT Health-
 []

File: logo_forwatermark.png Graphic file (type png)
<use logo_forwatermark.png>
Package pdftex.def Info: logo_forwatermark.png  used on input line 937.
(pdftex.def)             Requested size: 227.62204pt x 227.61543pt.
[30

]
Chapter 8.
<loginpage.png, id=553, 1128.84235pt x 609.40172pt>
File: loginpage.png Graphic file (type png)
<use loginpage.png>
Package pdftex.def Info: loginpage.png  used on input line 945.
(pdftex.def)             Requested size: 305.33789pt x 164.83821pt.
<doctorportal.png, id=554, 1118.30296pt x 608.64891pt>
File: doctorportal.png Graphic file (type png)
<use doctorportal.png>
Package pdftex.def Info: doctorportal.png  used on input line 954.
(pdftex.def)             Requested size: 375.80544pt x 204.5325pt.
File: logo_forwatermark.png Graphic file (type png)
<use logo_forwatermark.png>
Package pdftex.def Info: logo_forwatermark.png  used on input line 958.
(pdftex.def)             Requested size: 227.62204pt x 227.61543pt.
[31

 <./loginpage.png>]
<docaccesslogs.png, id=561, 1114.91531pt x 607.14328pt>
File: docaccesslogs.png Graphic file (type png)
<use docaccesslogs.png>
Package pdftex.def Info: docaccesslogs.png  used on input line 961.
(pdftex.def)             Requested size: 422.77664pt x 230.22583pt.
<nurseportal.png, id=562, 1114.53891pt x 609.77812pt>
File: nurseportal.png Graphic file (type png)
<use nurseportal.png>
Package pdftex.def Info: nurseportal.png  used on input line 970.
(pdftex.def)             Requested size: 422.77664pt x 231.2994pt.
File: logo_forwatermark.png Graphic file (type png)
<use logo_forwatermark.png>
Package pdftex.def Info: logo_forwatermark.png  used on input line 974.
(pdftex.def)             Requested size: 227.62204pt x 227.61543pt.
 [32 <./doctorportal.png> <./docaccesslogs.png>]
<smartvitalsaleart.png, id=572, 1114.91531pt x 612.03656pt>
File: smartvitalsaleart.png Graphic file (type png)
<use smartvitalsaleart.png>
Package pdftex.def Info: smartvitalsaleart.png  used on input line 977.
(pdftex.def)             Requested size: 422.77664pt x 232.08134pt.
<resecptionsitappintmentamagegment.png, id=573, 1128.84235pt x 612.03656pt>
File: resecptionsitappintmentamagegment.png Graphic file (type png)
<use resecptionsitappintmentamagegment.png>
Package pdftex.def Info: resecptionsitappintmentamagegment.png  used on input line 986.
(pdftex.def)             Requested size: 422.77664pt x 229.22363pt.
File: logo_forwatermark.png Graphic file (type png)
<use logo_forwatermark.png>
Package pdftex.def Info: logo_forwatermark.png  used on input line 990.
(pdftex.def)             Requested size: 227.62204pt x 227.61543pt.
 [33 <./nurseportal.png> <./smartvitalsaleart.png>]
<billingrespctionsit.png, id=582, 1115.29172pt x 600.36797pt>
File: billingrespctionsit.png Graphic file (type png)
<use billingrespctionsit.png>
Package pdftex.def Info: billingrespctionsit.png  used on input line 993.
(pdftex.def)             Requested size: 422.77664pt x 227.58337pt.
File: logo_forwatermark.png Graphic file (type png)
<use logo_forwatermark.png>
Package pdftex.def Info: logo_forwatermark.png  used on input line 997.
(pdftex.def)             Requested size: 227.62204pt x 227.61543pt.
 [34 <./resecptionsitappintmentamagegment.png>]
<patientportal.png, id=589, 1115.29172pt x 611.66016pt>
File: patientportal.png Graphic file (type png)
<use patientportal.png>
Package pdftex.def Info: patientportal.png  used on input line 1002.
(pdftex.def)             Requested size: 422.77664pt x 231.86395pt.
<patietnbills.png, id=590, 1112.65688pt x 602.6264pt>
File: patietnbills.png Graphic file (type png)
<use patietnbills.png>
Package pdftex.def Info: patietnbills.png  used on input line 1009.
(pdftex.def)             Requested size: 422.77664pt x 228.98201pt.
File: logo_forwatermark.png Graphic file (type png)
<use logo_forwatermark.png>
Package pdftex.def Info: logo_forwatermark.png  used on input line 1013.
(pdftex.def)             Requested size: 227.62204pt x 227.61543pt.
 [35 <./billingrespctionsit.png> <./patientportal.png>]
<pharmaportal.png, id=599, 1113.40968pt x 608.2725pt>
File: pharmaportal.png Graphic file (type png)
<use pharmaportal.png>
Package pdftex.def Info: pharmaportal.png  used on input line 1018.
(pdftex.def)             Requested size: 422.77664pt x 230.96033pt.
<timeseriesanalytics.png, id=600, 1128.84235pt x 609.02531pt>
File: timeseriesanalytics.png Graphic file (type png)
<use timeseriesanalytics.png>
Package pdftex.def Info: timeseriesanalytics.png  used on input line 1025.
(pdftex.def)             Requested size: 422.77664pt x 228.09584pt.
File: logo_forwatermark.png Graphic file (type png)
<use logo_forwatermark.png>
Package pdftex.def Info: logo_forwatermark.png  used on input line 1029.
(pdftex.def)             Requested size: 227.62204pt x 227.61543pt.
 [36 <./patietnbills.png> <./pharmaportal.png>]
<orgadminstaffdir.png, id=609, 1117.17375pt x 607.51968pt>
File: orgadminstaffdir.png Graphic file (type png)
<use orgadminstaffdir.png>
Package pdftex.def Info: orgadminstaffdir.png  used on input line 1034.
(pdftex.def)             Requested size: 422.77664pt x 229.90506pt.
<orgadminbillpage.png, id=610, 1113.78609pt x 599.61516pt>
File: orgadminbillpage.png Graphic file (type png)
<use orgadminbillpage.png>
Package pdftex.def Info: orgadminbillpage.png  used on input line 1041.
(pdftex.def)             Requested size: 422.77664pt x 227.59995pt.
File: logo_forwatermark.png Graphic file (type png)
<use logo_forwatermark.png>
Package pdftex.def Info: logo_forwatermark.png  used on input line 1045.
(pdftex.def)             Requested size: 227.62204pt x 227.61543pt.
 [37 <./timeseriesanalytics.png> <./orgadminstaffdir.png>]
<branchadmin.png, id=619, 1128.84235pt x 610.15453pt>
File: branchadmin.png Graphic file (type png)
<use branchadmin.png>
Package pdftex.def Info: branchadmin.png  used on input line 1050.
(pdftex.def)             Requested size: 422.77664pt x 228.51877pt.
<superadminpannel.png, id=620, 1128.84235pt x 607.14328pt>
File: superadminpannel.png Graphic file (type png)
<use superadminpannel.png>
Package pdftex.def Info: superadminpannel.png  used on input line 1059.
(pdftex.def)             Requested size: 375.80544pt x 202.12737pt.
File: logo_forwatermark.png Graphic file (type png)
<use logo_forwatermark.png>
Package pdftex.def Info: logo_forwatermark.png  used on input line 1063.
(pdftex.def)             Requested size: 227.62204pt x 227.61543pt.
 [38 <./orgadminbillpage.png> <./branchadmin.png>]
<patientsearch.png, id=630, 1114.1625pt x 605.26125pt>
File: patientsearch.png Graphic file (type png)
<use patientsearch.png>
Package pdftex.def Info: patientsearch.png  used on input line 1068.
(pdftex.def)             Requested size: 422.77664pt x 229.66917pt.
File: logo_forwatermark.png Graphic file (type png)
<use logo_forwatermark.png>
Package pdftex.def Info: logo_forwatermark.png  used on input line 1073.
(pdftex.def)             Requested size: 227.62204pt x 227.61543pt.
 [39 <./superadminpannel.png> <./patientsearch.png>] (report.aux)
 ***********
LaTeX2e <2025-11-01>
L3 programming layer <2025-12-24>
 ***********


LaTeX Font Warning: Size substitutions with differences
(Font)              up to 0.5pt have occurred.

Package rerunfilecheck Info: File `report.out' has not changed.
(rerunfilecheck)             Checksum: 68F0DC214179E80508B928D01E195F92;13040.
 ) 
Here is how much of TeX's memory you used:
 25181 strings out of 467871
 468818 string characters out of 5418376
 1047235 words of memory out of 5000000
 53481 multiletter control sequences out of 15000+600000
 680616 words of font info for 94 fonts, out of 8000000 for 9000
 1141 hyphenation exceptions out of 8191
 84i,17n,94p,653b,498s stack positions out of 10000i,1000n,20000p,200000b,200000s
<C:/Users/chira/AppData/Local/Programs/MiKTeX/fonts/type1/public/amsfonts/cm/cmsy10.pfb><C:/Users/chira/AppData/Local/Programs/MiKTeX/fonts/type1/urw/courier/ucrr8a.pfb><C:/Users/chira/AppData/Local/Programs/MiKTeX/fonts/type1/urw/times/utmb8a.pfb><C:/Users/chira/AppData/Local/Programs/MiKTeX/fonts/type1/urw/times/utmr8a.pfb><C:/Users/chira/AppData/Local/Programs/MiKTeX/fonts/type1/urw/times/utmri8a.pfb>
Output written on report.pdf (44 pages, 7103956 bytes).
PDF statistics:
 698 PDF objects out of 1000 (max. 8388607)
 153 named destinations out of 1000 (max. 500000)
 773 words of extra memory for PDF output out of 10000 (max. 10000000)

